<?xml version="1.0" encoding="UTF-8"?>
<testng-results ignored="0" total="2" passed="2" failed="0" skipped="0">
  <reporter-output>
  </reporter-output>
  <suite started-at="2024-03-28T12:36:19 IST" name="Suite" finished-at="2024-03-28T12:36:45 IST" duration-ms="26501">
    <groups>
    </groups>
    <test started-at="2024-03-28T12:36:19 IST" name="Test" finished-at="2024-03-28T12:36:45 IST" duration-ms="26501">
      <class name="testcases.TC_002_CreateLeadTC">
        <test-method is-config="true" signature="preCondition()[pri:0, instance:testcases.TC_002_CreateLeadTC@593aaf41]" started-at="2024-03-28T12:36:32 IST" name="preCondition" finished-at="2024-03-28T12:36:38 IST" duration-ms="6153" status="PASS">
          <reporter-output>
          </reporter-output>
        </test-method> <!-- preCondition -->
        <test-method signature="runCreateLead()[pri:0, instance:testcases.TC_002_CreateLeadTC@593aaf41]" started-at="2024-03-28T12:36:38 IST" name="runCreateLead" finished-at="2024-03-28T12:36:45 IST" duration-ms="6523" status="PASS">
          <reporter-output>
          </reporter-output>
        </test-method> <!-- runCreateLead -->
        <test-method is-config="true" signature="postCondition()[pri:0, instance:testcases.TC_002_CreateLeadTC@593aaf41]" started-at="2024-03-28T12:36:45 IST" name="postCondition" finished-at="2024-03-28T12:36:45 IST" duration-ms="464" status="PASS">
          <reporter-output>
          </reporter-output>
        </test-method> <!-- postCondition -->
      </class> <!-- testcases.TC_002_CreateLeadTC -->
      <class name="testcases.TC_001_LoginTC">
        <test-method is-config="true" signature="preCondition()[pri:0, instance:testcases.TC_001_LoginTC@156b88f5]" started-at="2024-03-28T12:36:19 IST" name="preCondition" finished-at="2024-03-28T12:36:28 IST" duration-ms="9732" status="PASS">
          <reporter-output>
          </reporter-output>
        </test-method> <!-- preCondition -->
        <test-method signature="runLogin()[pri:0, instance:testcases.TC_001_LoginTC@156b88f5]" started-at="2024-03-28T12:36:28 IST" name="runLogin" finished-at="2024-03-28T12:36:31 IST" duration-ms="2987" status="PASS">
          <reporter-output>
          </reporter-output>
        </test-method> <!-- runLogin -->
        <test-method is-config="true" signature="postCondition()[pri:0, instance:testcases.TC_001_LoginTC@156b88f5]" started-at="2024-03-28T12:36:31 IST" name="postCondition" finished-at="2024-03-28T12:36:32 IST" duration-ms="569" status="PASS">
          <reporter-output>
          </reporter-output>
        </test-method> <!-- postCondition -->
      </class> <!-- testcases.TC_001_LoginTC -->
    </test> <!-- Test -->
  </suite> <!-- Suite -->
</testng-results>
